qualiu@mypc d:\opengit\msr
$ perf\batch-compare-performance.bat d:\tmp\large-error.log
:: Case-1: Both found
2019-08-11 10:26:55.18 : Plain text finding : Exception : Microsoft Windows 10 Enterprise 64-bit + Intel(R) Xeon(R) CPU E5-1630 v3 @ 3.70GHz 4 Cores + 32 GB RAM
Test file info : 3332543 lines 1.39 GB : Plain text finding by findstr / grep / msr ; To find = Exception
Matched 1032 lines from stdin, read 1032 lines. Used 2.367454 s, from 2019-08-11 10:26:55.404484 +0800 China Standard Time. EXE = D:\lztool\msr.exe ; Directory = d:\tmp ; Command = msr -l -c Read findstr : Exception
Matched 1032 lines from stdin, read 1032 lines. Used 1.132013 s, from 2019-08-11 10:26:57.845894 +0800 China Standard Time. EXE = D:\lztool\msr.exe ; Directory = d:\tmp ; Command = msr -l -c Read grep : Exception
Matched 1032 lines from stdin, read 1032 lines. Used 0.973789 s, from 2019-08-11 10:26:59.076520 +0800 China Standard Time. EXE = D:\lztool\msr.exe ; Directory = d:\tmp ; Command = msr -l -c Read msr : Exception

2019-08-11 10:27:00.07 : Plain ignore case : Exception : Microsoft Windows 10 Enterprise 64-bit + Intel(R) Xeon(R) CPU E5-1630 v3 @ 3.70GHz 4 Cores + 32 GB RAM
Test file info : 3332543 lines 1.39 GB : Plain ignore case by findstr / grep / msr ; To find = Exception
Matched 1032 lines from stdin, read 1032 lines. Used 5.226448 s, from 2019-08-11 10:27:00.430136 +0800 China Standard Time. EXE = D:\lztool\msr.exe ; Directory = d:\tmp ; Command = msr -l -c Read findstr : Exception
Matched 1032 lines from stdin, read 1032 lines. Used 1.292707 s, from 2019-08-11 10:27:05.728511 +0800 China Standard Time. EXE = D:\lztool\msr.exe ; Directory = d:\tmp ; Command = msr -l -c Read grep : Exception
Matched 1032 lines from stdin, read 1032 lines. Used 4.234500 s, from 2019-08-11 10:27:07.146206 +0800 China Standard Time. EXE = D:\lztool\msr.exe ; Directory = d:\tmp ; Command = msr -l -c Read msr : Exception

2019-08-11 10:27:11.39 : Regex text finding : "Error.*found" : Microsoft Windows 10 Enterprise 64-bit + Intel(R) Xeon(R) CPU E5-1630 v3 @ 3.70GHz 4 Cores + 32 GB RAM
Test file info : 3332543 lines 1.39 GB : Regex text finding by findstr / grep / msr ; To find = "Error.*found"
Matched 143 lines from stdin, read 143 lines. Used 73.396605 s, from 2019-08-11 10:27:11.629364 +0800 China Standard Time. EXE = D:\lztool\msr.exe ; Directory = d:\tmp ; Command = msr -l -c Read findstr : Error.*found
Matched 143 lines from stdin, read 143 lines. Used 2.416083 s, from 2019-08-11 10:28:25.104736 +0800 China Standard Time. EXE = D:\lztool\msr.exe ; Directory = d:\tmp ; Command = msr -l -c Read grep : Error.*found
Matched 143 lines from stdin, read 143 lines. Used 4.027963 s, from 2019-08-11 10:28:27.619373 +0800 China Standard Time. EXE = D:\lztool\msr.exe ; Directory = d:\tmp ; Command = msr -l -c Read msr : Error.*found

2019-08-11 10:28:31.66 : Regex ignore case : "Error.*found" : Microsoft Windows 10 Enterprise 64-bit + Intel(R) Xeon(R) CPU E5-1630 v3 @ 3.70GHz 4 Cores + 32 GB RAM
Test file info : 3332543 lines 1.39 GB : Regex ignore case by findstr / grep / msr ; To find = "Error.*found"
Matched 143 lines from stdin, read 143 lines. Used 99.324188 s, from 2019-08-11 10:28:31.866212 +0800 China Standard Time. EXE = D:\lztool\msr.exe ; Directory = d:\tmp ; Command = msr -l -c Read findstr : Error.*found
Matched 143 lines from stdin, read 143 lines. Used 2.985475 s, from 2019-08-11 10:30:11.258763 +0800 China Standard Time. EXE = D:\lztool\msr.exe ; Directory = d:\tmp ; Command = msr -l -c Read grep : Error.*found
Matched 143 lines from stdin, read 143 lines. Used 6.157882 s, from 2019-08-11 10:30:14.353236 +0800 China Standard Time. EXE = D:\lztool\msr.exe ; Directory = d:\tmp ; Command = msr -l -c Read msr : Error.*found

:: Case-2: Both found, simpler regex
2019-08-11 10:30:47.80 : Plain text finding : Exception : Microsoft Windows 10 Enterprise 64-bit + Intel(R) Xeon(R) CPU E5-1630 v3 @ 3.70GHz 4 Cores + 32 GB RAM
Test file info : 3332543 lines 1.39 GB : Plain text finding by findstr / grep / msr ; To find = Exception
Matched 1032 lines from stdin, read 1032 lines. Used 4.293732 s, from 2019-08-11 10:30:49.128859 +0800 China Standard Time. EXE = D:\lztool\msr.exe ; Directory = d:\tmp ; Command = msr -l -c Read findstr : Exception
Matched 1032 lines from stdin, read 1032 lines. Used 1.425135 s, from 2019-08-11 10:30:53.531200 +0800 China Standard Time. EXE = D:\lztool\msr.exe ; Directory = d:\tmp ; Command = msr -l -c Read grep : Exception
Matched 1032 lines from stdin, read 1032 lines. Used 1.264737 s, from 2019-08-11 10:30:55.107069 +0800 China Standard Time. EXE = D:\lztool\msr.exe ; Directory = d:\tmp ; Command = msr -l -c Read msr : Exception

2019-08-11 10:30:56.42 : Plain ignore case : Exception : Microsoft Windows 10 Enterprise 64-bit + Intel(R) Xeon(R) CPU E5-1630 v3 @ 3.70GHz 4 Cores + 32 GB RAM
Test file info : 3332543 lines 1.39 GB : Plain ignore case by findstr / grep / msr ; To find = Exception
Matched 1032 lines from stdin, read 1032 lines. Used 7.515032 s, from 2019-08-11 10:30:57.080102 +0800 China Standard Time. EXE = D:\lztool\msr.exe ; Directory = d:\tmp ; Command = msr -l -c Read findstr : Exception
Matched 1032 lines from stdin, read 1032 lines. Used 1.574929 s, from 2019-08-11 10:31:04.748849 +0800 China Standard Time. EXE = D:\lztool\msr.exe ; Directory = d:\tmp ; Command = msr -l -c Read grep : Exception
Matched 1032 lines from stdin, read 1032 lines. Used 5.005159 s, from 2019-08-11 10:31:07.026405 +0800 China Standard Time. EXE = D:\lztool\msr.exe ; Directory = d:\tmp ; Command = msr -l -c Read msr : Exception

2019-08-11 10:31:12.09 : Regex text finding : "[0-9]*Exception[0-9]*" : Microsoft Windows 10 Enterprise 64-bit + Intel(R) Xeon(R) CPU E5-1630 v3 @ 3.70GHz 4 Cores + 32 GB RAM
Test file info : 3332543 lines 1.39 GB : Regex text finding by findstr / grep / msr ; To find = "[0-9]*Exception[0-9]*"
Matched 1032 lines from stdin, read 1032 lines. Used 7.396964 s, from 2019-08-11 10:31:12.593062 +0800 China Standard Time. EXE = D:\lztool\msr.exe ; Directory = d:\tmp ; Command = msr -l -c Read findstr : "[0-9]*Exception[0-9]*"
Matched 1032 lines from stdin, read 1032 lines. Used 1.271152 s, from 2019-08-11 10:31:20.194572 +0800 China Standard Time. EXE = D:\lztool\msr.exe ; Directory = d:\tmp ; Command = msr -l -c Read grep : "[0-9]*Exception[0-9]*"
Matched 1032 lines from stdin, read 1032 lines. Used 9.217208 s, from 2019-08-11 10:31:21.627461 +0800 China Standard Time. EXE = D:\lztool\msr.exe ; Directory = d:\tmp ; Command = msr -l -c Read msr : "[0-9]*Exception[0-9]*"

2019-08-11 10:31:30.86 : Regex ignore case : "[0-9]*Exception[0-9]*" : Microsoft Windows 10 Enterprise 64-bit + Intel(R) Xeon(R) CPU E5-1630 v3 @ 3.70GHz 4 Cores + 32 GB RAM
Test file info : 3332543 lines 1.39 GB : Regex ignore case by findstr / grep / msr ; To find = "[0-9]*Exception[0-9]*"
Matched 1032 lines from stdin, read 1032 lines. Used 34.500946 s, from 2019-08-11 10:31:31.069510 +0800 China Standard Time. EXE = D:\lztool\msr.exe ; Directory = d:\tmp ; Command = msr -l -c Read findstr : "[0-9]*Exception[0-9]*"
Matched 1032 lines from stdin, read 1032 lines. Used 1.579111 s, from 2019-08-11 10:32:06.106852 +0800 China Standard Time. EXE = D:\lztool\msr.exe ; Directory = d:\tmp ; Command = msr -l -c Read grep : "[0-9]*Exception[0-9]*"
Matched 1032 lines from stdin, read 1032 lines. Used 13.545326 s, from 2019-08-11 10:32:07.901074 +0800 China Standard Time. EXE = D:\lztool\msr.exe ; Directory = d:\tmp ; Command = msr -l -c Read msr : "[0-9]*Exception[0-9]*"

:: Case-3: Not found, partial matched both
2019-08-11 10:32:24.67 : Plain text finding : ExceptionX : Microsoft Windows 10 Enterprise 64-bit + Intel(R) Xeon(R) CPU E5-1630 v3 @ 3.70GHz 4 Cores + 32 GB RAM
Test file info : 3332543 lines 1.39 GB : Plain text finding by findstr / grep / msr ; To find = ExceptionX
Matched 0 lines from stdin, read 0 lines. Used 4.427103 s, from 2019-08-11 10:32:24.914493 +0800 China Standard Time. EXE = D:\lztool\msr.exe ; Directory = d:\tmp ; Command = msr -l -c Read findstr : ExceptionX
Matched 0 lines from stdin, read 0 lines. Used 1.278915 s, from 2019-08-11 10:32:29.619115 +0800 China Standard Time. EXE = D:\lztool\msr.exe ; Directory = d:\tmp ; Command = msr -l -c Read grep : ExceptionX
Matched 0 lines from stdin, read 0 lines. Used 1.205514 s, from 2019-08-11 10:32:31.072256 +0800 China Standard Time. EXE = D:\lztool\msr.exe ; Directory = d:\tmp ; Command = msr -l -c Read msr : ExceptionX

2019-08-11 10:32:32.31 : Plain ignore case : ExceptionX : Microsoft Windows 10 Enterprise 64-bit + Intel(R) Xeon(R) CPU E5-1630 v3 @ 3.70GHz 4 Cores + 32 GB RAM
Test file info : 3332543 lines 1.39 GB : Plain ignore case by findstr / grep / msr ; To find = ExceptionX
Matched 0 lines from stdin, read 0 lines. Used 9.171311 s, from 2019-08-11 10:32:32.739180 +0800 China Standard Time. EXE = D:\lztool\msr.exe ; Directory = d:\tmp ; Command = msr -l -c Read findstr : ExceptionX
Matched 0 lines from stdin, read 0 lines. Used 1.296997 s, from 2019-08-11 10:32:42.226886 +0800 China Standard Time. EXE = D:\lztool\msr.exe ; Directory = d:\tmp ; Command = msr -l -c Read grep : ExceptionX
Matched 0 lines from stdin, read 0 lines. Used 4.904376 s, from 2019-08-11 10:32:43.753152 +0800 China Standard Time. EXE = D:\lztool\msr.exe ; Directory = d:\tmp ; Command = msr -l -c Read msr : ExceptionX

2019-08-11 10:32:48.71 : Regex text finding : "[0-9]*ExceptionX[0-9]*" : Microsoft Windows 10 Enterprise 64-bit + Intel(R) Xeon(R) CPU E5-1630 v3 @ 3.70GHz 4 Cores + 32 GB RAM
Test file info : 3332543 lines 1.39 GB : Regex text finding by findstr / grep / msr ; To find = "[0-9]*ExceptionX[0-9]*"
Matched 0 lines from stdin, read 0 lines. Used 9.613385 s, from 2019-08-11 10:32:49.225167 +0800 China Standard Time. EXE = D:\lztool\msr.exe ; Directory = d:\tmp ; Command = msr -l -c Read findstr : "[0-9]*ExceptionX[0-9]*"
Matched 0 lines from stdin, read 0 lines. Used 0.761380 s, from 2019-08-11 10:32:58.919885 +0800 China Standard Time. EXE = D:\lztool\msr.exe ; Directory = d:\tmp ; Command = msr -l -c Read grep : "[0-9]*ExceptionX[0-9]*"
Matched 0 lines from stdin, read 0 lines. Used 8.956492 s, from 2019-08-11 10:32:59.815532 +0800 China Standard Time. EXE = D:\lztool\msr.exe ; Directory = d:\tmp ; Command = msr -l -c Read msr : "[0-9]*ExceptionX[0-9]*"

2019-08-11 10:33:08.78 : Regex ignore case : "[0-9]*ExceptionX[0-9]*" : Microsoft Windows 10 Enterprise 64-bit + Intel(R) Xeon(R) CPU E5-1630 v3 @ 3.70GHz 4 Cores + 32 GB RAM
Test file info : 3332543 lines 1.39 GB : Regex ignore case by findstr / grep / msr ; To find = "[0-9]*ExceptionX[0-9]*"
Matched 0 lines from stdin, read 0 lines. Used 30.886378 s, from 2019-08-11 10:33:09.011910 +0800 China Standard Time. EXE = D:\lztool\msr.exe ; Directory = d:\tmp ; Command = msr -l -c Read findstr : "[0-9]*ExceptionX[0-9]*"
Matched 0 lines from stdin, read 0 lines. Used 1.122185 s, from 2019-08-11 10:33:39.979725 +0800 China Standard Time. EXE = D:\lztool\msr.exe ; Directory = d:\tmp ; Command = msr -l -c Read grep : "[0-9]*ExceptionX[0-9]*"
Matched 0 lines from stdin, read 0 lines. Used 11.081357 s, from 2019-08-11 10:33:41.239356 +0800 China Standard Time. EXE = D:\lztool\msr.exe ; Directory = d:\tmp ; Command = msr -l -c Read msr : "[0-9]*ExceptionX[0-9]*"

:: Case-4: Not found, not matched
2019-08-11 10:33:55.15 : Plain text finding : Not-Exist : Microsoft Windows 10 Enterprise 64-bit + Intel(R) Xeon(R) CPU E5-1630 v3 @ 3.70GHz 4 Cores + 32 GB RAM
Test file info : 3332543 lines 1.39 GB : Plain text finding by findstr / grep / msr ; To find = Not-Exist
Matched 0 lines from stdin, read 0 lines. Used 2.768523 s, from 2019-08-11 10:33:55.383534 +0800 China Standard Time. EXE = D:\lztool\msr.exe ; Directory = d:\tmp ; Command = msr -l -c Read findstr : Not-Exist
Matched 0 lines from stdin, read 0 lines. Used 1.209609 s, from 2019-08-11 10:33:58.229649 +0800 China Standard Time. EXE = D:\lztool\msr.exe ; Directory = d:\tmp ; Command = msr -l -c Read grep : Not-Exist
Matched 0 lines from stdin, read 0 lines. Used 1.051079 s, from 2019-08-11 10:33:59.543431 +0800 China Standard Time. EXE = D:\lztool\msr.exe ; Directory = d:\tmp ; Command = msr -l -c Read msr : Not-Exist

2019-08-11 10:34:00.61 : Plain ignore case : Not-Exist : Microsoft Windows 10 Enterprise 64-bit + Intel(R) Xeon(R) CPU E5-1630 v3 @ 3.70GHz 4 Cores + 32 GB RAM
Test file info : 3332543 lines 1.39 GB : Plain ignore case by findstr / grep / msr ; To find = Not-Exist
Matched 0 lines from stdin, read 0 lines. Used 2.308556 s, from 2019-08-11 10:34:00.847587 +0800 China Standard Time. EXE = D:\lztool\msr.exe ; Directory = d:\tmp ; Command = msr -l -c Read findstr : Not-Exist
Matched 0 lines from stdin, read 0 lines. Used 1.223107 s, from 2019-08-11 10:34:03.228536 +0800 China Standard Time. EXE = D:\lztool\msr.exe ; Directory = d:\tmp ; Command = msr -l -c Read grep : Not-Exist
Matched 0 lines from stdin, read 0 lines. Used 3.883834 s, from 2019-08-11 10:34:04.587058 +0800 China Standard Time. EXE = D:\lztool\msr.exe ; Directory = d:\tmp ; Command = msr -l -c Read msr : Not-Exist

2019-08-11 10:34:08.48 : Regex text finding : "Not-exist.*" : Microsoft Windows 10 Enterprise 64-bit + Intel(R) Xeon(R) CPU E5-1630 v3 @ 3.70GHz 4 Cores + 32 GB RAM
Test file info : 3332543 lines 1.39 GB : Regex text finding by findstr / grep / msr ; To find = "Not-exist.*"
Matched 0 lines from stdin, read 0 lines. Used 2.785515 s, from 2019-08-11 10:34:08.727463 +0800 China Standard Time. EXE = D:\lztool\msr.exe ; Directory = d:\tmp ; Command = msr -l -c Read findstr : Not-exist.*
Matched 0 lines from stdin, read 0 lines. Used 1.198183 s, from 2019-08-11 10:34:11.583820 +0800 China Standard Time. EXE = D:\lztool\msr.exe ; Directory = d:\tmp ; Command = msr -l -c Read grep : Not-exist.*
Matched 0 lines from stdin, read 0 lines. Used 3.101594 s, from 2019-08-11 10:34:12.889057 +0800 China Standard Time. EXE = D:\lztool\msr.exe ; Directory = d:\tmp ; Command = msr -l -c Read msr : Not-exist.*

2019-08-11 10:34:16.00 : Regex ignore case : "Not-exist.*" : Microsoft Windows 10 Enterprise 64-bit + Intel(R) Xeon(R) CPU E5-1630 v3 @ 3.70GHz 4 Cores + 32 GB RAM
Test file info : 3332543 lines 1.39 GB : Regex ignore case by findstr / grep / msr ; To find = "Not-exist.*"
Matched 0 lines from stdin, read 0 lines. Used 11.953874 s, from 2019-08-11 10:34:16.244524 +0800 China Standard Time. EXE = D:\lztool\msr.exe ; Directory = d:\tmp ; Command = msr -l -c Read findstr : Not-exist.*
Matched 0 lines from stdin, read 0 lines. Used 1.253905 s, from 2019-08-11 10:34:28.275115 +0800 China Standard Time. EXE = D:\lztool\msr.exe ; Directory = d:\tmp ; Command = msr -l -c Read grep : Not-exist.*
Matched 0 lines from stdin, read 0 lines. Used 4.569813 s, from 2019-08-11 10:34:29.659998 +0800 China Standard Time. EXE = D:\lztool\msr.exe ; Directory = d:\tmp ; Command = msr -l -c Read msr : Not-exist.*

qualiu@mypc d:\opengit\msr
>